0 info it worked if it ends with ok
1 verbose cli [ 'node', '/usr/bin/npm', 'install', 'child_process' ]
2 info using npm@2.14.0
3 info using node@v0.12.7
4 verbose install initial load of /home/mbell/git/startpage/package.json
5 verbose installManyTop reading scoped package data from /home/mbell/git/startpage/node_modules/autoquit/package.json
6 verbose installManyTop reading scoped package data from /home/mbell/git/startpage/node_modules/express/package.json
7 verbose installManyTop reading scoped package data from /home/mbell/git/startpage/node_modules/http/package.json
8 verbose installManyTop reading scoped package data from /home/mbell/git/startpage/node_modules/jquery/package.json
9 verbose installManyTop reading scoped package data from /home/mbell/git/startpage/node_modules/socket.io/package.json
10 verbose installManyTop reading scoped package data from /home/mbell/git/startpage/node_modules/systemd/package.json
11 info package.json http@0.0.0 http is also the name of a node core module.
12 info package.json http@0.0.0 No description
13 info package.json http@0.0.0 No repository field.
14 info package.json socket.io@1.3.6 No license field.
15 info package.json systemd@0.2.6 No license field.
16 info package.json autoquit@0.1.6 No license field.
17 info package.json jquery@2.1.4 No license field.
18 verbose readDependencies loading dependencies from /home/mbell/git/startpage/package.json
19 silly cache add args [ 'child_process', null ]
20 verbose cache add spec child_process
21 silly cache add parsed spec { raw: 'child_process',
21 silly cache add   scope: null,
21 silly cache add   name: 'child_process',
21 silly cache add   rawSpec: '',
21 silly cache add   spec: '*',
21 silly cache add   type: 'range' }
22 silly addNamed child_process@*
23 verbose addNamed "*" is a valid semver range for child_process
24 silly addNameRange { name: 'child_process', range: '*', hasData: false }
25 silly mapToRegistry name child_process
26 silly mapToRegistry using default registry
27 silly mapToRegistry registry https://registry.npmjs.org/
28 silly mapToRegistry uri https://registry.npmjs.org/child_process
29 verbose addNameRange registry:https://registry.npmjs.org/child_process not in flight; fetching
30 verbose request uri https://registry.npmjs.org/child_process
31 verbose request no auth needed
32 info attempt registry request try #1 at 19:19:09
33 verbose request id 99504859e34ed664
34 http request GET https://registry.npmjs.org/child_process
35 http 404 https://registry.npmjs.org/child_process
36 verbose headers { 'content-type': 'application/json',
36 verbose headers   'cache-control': 'max-age=0',
36 verbose headers   'content-length': '2',
36 verbose headers   'accept-ranges': 'bytes',
36 verbose headers   date: 'Tue, 25 Aug 2015 18:19:09 GMT',
36 verbose headers   via: '1.1 varnish',
36 verbose headers   age: '0',
36 verbose headers   connection: 'keep-alive',
36 verbose headers   'x-served-by': 'cache-lcy1121-LCY',
36 verbose headers   'x-cache': 'MISS',
36 verbose headers   'x-cache-hits': '0',
36 verbose headers   'x-timer': 'S1440526749.674813,VS0,VE97' }
37 silly get cb [ 404,
37 silly get   { 'content-type': 'application/json',
37 silly get     'cache-control': 'max-age=0',
37 silly get     'content-length': '2',
37 silly get     'accept-ranges': 'bytes',
37 silly get     date: 'Tue, 25 Aug 2015 18:19:09 GMT',
37 silly get     via: '1.1 varnish',
37 silly get     age: '0',
37 silly get     connection: 'keep-alive',
37 silly get     'x-served-by': 'cache-lcy1121-LCY',
37 silly get     'x-cache': 'MISS',
37 silly get     'x-cache-hits': '0',
37 silly get     'x-timer': 'S1440526749.674813,VS0,VE97' } ]
38 verbose stack Error: Registry returned 404 for GET on https://registry.npmjs.org/child_process
38 verbose stack     at makeError (/usr/lib/node_modules/npm/node_modules/npm-registry-client/lib/request.js:263:12)
38 verbose stack     at CachingRegistryClient.<anonymous> (/usr/lib/node_modules/npm/node_modules/npm-registry-client/lib/request.js:241:14)
38 verbose stack     at Request._callback (/usr/lib/node_modules/npm/node_modules/npm-registry-client/lib/request.js:171:14)
38 verbose stack     at Request.self.callback (/usr/lib/node_modules/npm/node_modules/request/request.js:198:22)
38 verbose stack     at Request.emit (events.js:110:17)
38 verbose stack     at Request.<anonymous> (/usr/lib/node_modules/npm/node_modules/request/request.js:1057:14)
38 verbose stack     at Request.emit (events.js:129:20)
38 verbose stack     at IncomingMessage.<anonymous> (/usr/lib/node_modules/npm/node_modules/request/request.js:1003:12)
38 verbose stack     at IncomingMessage.emit (events.js:129:20)
38 verbose stack     at _stream_readable.js:908:16
39 verbose statusCode 404
40 verbose pkgid child_process
41 verbose cwd /home/mbell/git/startpage
42 error Linux 4.1.6-1-ARCH
43 error argv "node" "/usr/bin/npm" "install" "child_process"
44 error node v0.12.7
45 error npm  v2.14.0
46 error code E404
47 error 404 Registry returned 404 for GET on https://registry.npmjs.org/child_process
47 error 404
47 error 404 'child_process' is not in the npm registry.
47 error 404 Your package name is not valid, because
47 error 404
47 error 404  1. child_process is a core module name
47 error 404
47 error 404 Note that you can also install from a
47 error 404 tarball, folder, http url, or git url.
48 verbose exit [ 1, true ]
